2025-08-25 12:45:04 - Starting ComHotelsbookServicesApplication using Java 21.0.3 with PID 27900 (C:\Users\alexm\OneDrive\Documentos\Proyectos\Spring Boot y Angular\Proyecto Reserva Hotelera\com-hotelsbook-services\target\classes started by alexm in C:\Users\alexm\OneDrive\Documentos\Proyectos\Spring Boot y Angular\Proyecto Reserva Hotelera\com-hotelsbook-services)
2025-08-25 12:45:04 - No active profile set, falling back to 1 default profile: "default"
2025-08-25 12:45:04 - Devtools property defaults active! Set 'spring.devtools.add-properties' to 'false' to disable
2025-08-25 12:45:04 - For additional web related logging consider setting the 'logging.level.web' property to 'DEBUG'
2025-08-25 12:45:07 - Bootstrapping Spring Data JPA repositories in DEFAULT mode.
2025-08-25 12:45:07 - Finished Spring Data repository scanning in 108 ms. Found 1 JPA repository interface.
2025-08-25 12:45:08 - Tomcat initialized with port 8080 (http)
2025-08-25 12:45:08 - Initializing ProtocolHandler ["http-nio-8080"]
2025-08-25 12:45:08 - Starting service [Tomcat]
2025-08-25 12:45:08 - Starting Servlet engine: [Apache Tomcat/10.1.44]
2025-08-25 12:45:08 - Initializing Spring embedded WebApplicationContext
2025-08-25 12:45:08 - Root WebApplicationContext: initialization completed in 4013 ms
2025-08-25 12:45:09 - HHH000204: Processing PersistenceUnitInfo [name: default]
2025-08-25 12:45:09 - HHH000412: Hibernate ORM core version 6.6.26.Final
2025-08-25 12:45:09 - HHH000026: Second-level cache disabled
2025-08-25 12:45:10 - No LoadTimeWeaver setup: ignoring JPA class transformer
2025-08-25 12:45:10 - HikariPool-1 - Starting...
2025-08-25 12:45:11 - HikariPool-1 - Added connection com.mysql.cj.jdbc.ConnectionImpl@36ced4a3
2025-08-25 12:45:11 - HikariPool-1 - Start completed.
2025-08-25 12:45:11 - HHH90000025: MySQLDialect does not need to be specified explicitly using 'hibernate.dialect' (remove the property setting and it will be selected by default)
2025-08-25 12:45:11 - HHH10001005: Database info:
	Database JDBC URL [Connecting through datasource 'HikariDataSource (HikariPool-1)']
	Database driver: undefined/unknown
	Database version: 9.3
	Autocommit mode: undefined/unknown
	Isolation level: undefined/unknown
	Minimum pool size: undefined/unknown
	Maximum pool size: undefined/unknown
2025-08-25 12:45:12 - HHH000489: No JTA platform available (set 'hibernate.transaction.jta.platform' to enable JTA platform integration)
2025-08-25 12:45:12 - Initialized JPA EntityManagerFactory for persistence unit 'default'
2025-08-25 12:45:13 - Hibernate is in classpath; If applicable, HQL parser will be used.
2025-08-25 12:45:13 - spring.jpa.open-in-view is enabled by default. Therefore, database queries may be performed during view rendering. Explicitly configure spring.jpa.open-in-view to disable this warning
2025-08-25 12:45:14 - Unable to start LiveReload server
2025-08-25 12:45:14 - Starting ProtocolHandler ["http-nio-8080"]
2025-08-25 12:45:14 - Tomcat started on port 8080 (http) with context path '/'
2025-08-25 12:45:14 - Started ComHotelsbookServicesApplication in 11.402 seconds (process running for 13.586)
